# JRE version: Java(TM) SE Runtime Environment (8.0_60-b27) (build 1.8.0_60-b27)
# Java VM: Java HotSpot(TM) 64-Bit Server VM (25.60-b23 mixed mode bsd-amd64 compressed oops)
Heap:
 PSYoungGen      total 141824K, used 131445K [0x000000076ab00000, 0x0000000774000000, 0x00000007c0000000)
  eden space 131072K, 93% used [0x000000076ab00000,0x0000000772297338,0x0000000772b00000)
  from space 10752K, 83% used [0x0000000773580000,0x0000000773e460d8,0x0000000774000000)
  to   space 10752K, 0% used [0x0000000772b00000,0x0000000772b00000,0x0000000773580000)
 ParOldGen       total 175104K, used 23920K [0x00000006c0000000, 0x00000006cab00000, 0x000000076ab00000)
  object space 175104K, 13% used [0x00000006c0000000,0x00000006c175c3a8,0x00000006cab00000)
 Metaspace       used 19403K, capacity 20696K, committed 20736K, reserved 1067008K
  class space    used 2540K, capacity 2777K, committed 2816K, reserved 1048576K
GC Heap History (8 events):
Event: 10.127 GC heap before
{Heap before GC invocations=1 (full 0):
 PSYoungGen      total 76288K, used 65536K [0x000000076ab00000, 0x0000000770000000, 0x00000007c0000000)
  eden space 65536K, 100% used [0x000000076ab00000,0x000000076eb00000,0x000000076eb00000)
  from space 10752K, 0% used [0x000000076f580000,0x000000076f580000,0x0000000770000000)
  to   space 10752K, 0% used [0x000000076eb00000,0x000000076eb00000,0x000000076f580000)
 ParOldGen       total 175104K, used 0K [0x00000006c0000000, 0x00000006cab00000, 0x000000076ab00000)
  object space 175104K, 0% used [0x00000006c0000000,0x00000006c0000000,0x00000006cab00000)
 Metaspace       used 16495K, capacity 17524K, committed 17664K, reserved 1064960K
  class space    used 2286K, capacity 2506K, committed 2560K, reserved 1048576K
Event: 10.153 GC heap after
Heap after GC invocations=1 (full 0):
 PSYoungGen      total 76288K, used 10736K [0x000000076ab00000, 0x0000000770000000, 0x00000007c0000000)
  eden space 65536K, 0% used [0x000000076ab00000,0x000000076ab00000,0x000000076eb00000)
  from space 10752K, 99% used [0x000000076eb00000,0x000000076f57c080,0x000000076f580000)
  to   space 10752K, 0% used [0x000000076f580000,0x000000076f580000,0x0000000770000000)
 ParOldGen       total 175104K, used 268K [0x00000006c0000000, 0x00000006cab00000, 0x000000076ab00000)
  object space 175104K, 0% used [0x00000006c0000000,0x00000006c0043230,0x00000006cab00000)
 Metaspace       used 16495K, capacity 17524K, committed 17664K, reserved 1064960K
  class space    used 2286K, capacity 2506K, committed 2560K, reserved 1048576K
}
Event: 11.291 GC heap before
{Heap before GC invocations=2 (full 0):
 PSYoungGen      total 76288K, used 76272K [0x000000076ab00000, 0x0000000770000000, 0x00000007c0000000)
  eden space 65536K, 100% used [0x000000076ab00000,0x000000076eb00000,0x000000076eb00000)
  from space 10752K, 99% used [0x000000076eb00000,0x000000076f57c080,0x000000076f580000)
  to   space 10752K, 0% used [0x000000076f580000,0x000000076f580000,0x0000000770000000)
 ParOldGen       total 175104K, used 268K [0x00000006c0000000, 0x00000006cab00000, 0x000000076ab00000)
  object space 175104K, 0% used [0x00000006c0000000,0x00000006c0043230,0x00000006cab00000)
 Metaspace       used 17987K, capacity 19162K, committed 19456K, reserved 1067008K
  class space    used 2488K, capacity 2715K, committed 2816K, reserved 1048576K
Event: 11.346 GC heap after
Heap after GC invocations=2 (full 0):
 PSYoungGen      total 76288K, used 9373K [0x000000076ab00000, 0x0000000774000000, 0x00000007c0000000)
  eden space 65536K, 0% used [0x000000076ab00000,0x000000076ab00000,0x000000076eb00000)
  from space 10752K, 87% used [0x000000076f580000,0x000000076fea7580,0x0000000770000000)
  to   space 10752K, 0% used [0x000000076eb00000,0x000000076eb00000,0x000000076f580000)
 ParOldGen       total 175104K, used 23896K [0x00000006c0000000, 0x00000006cab00000, 0x000000076ab00000)
  object space 175104K, 13% used [0x00000006c0000000,0x00000006c17563a8,0x00000006cab00000)
 Metaspace       used 17987K, capacity 19162K, committed 19456K, reserved 1067008K
  class space    used 2488K, capacity 2715K, committed 2816K, reserved 1048576K
}
Event: 18.397 GC heap before
{Heap before GC invocations=3 (full 0):
 PSYoungGen      total 76288K, used 68972K [0x000000076ab00000, 0x0000000774000000, 0x00000007c0000000)
  eden space 65536K, 90% used [0x000000076ab00000,0x000000076e533ce8,0x000000076eb00000)
  from space 10752K, 87% used [0x000000076f580000,0x000000076fea7580,0x0000000770000000)
  to   space 10752K, 0% used [0x000000076eb00000,0x000000076eb00000,0x000000076f580000)
 ParOldGen       total 175104K, used 23896K [0x00000006c0000000, 0x00000006cab00000, 0x000000076ab00000)
  object space 175104K, 13% used [0x00000006c0000000,0x00000006c17563a8,0x00000006cab00000)
 Metaspace       used 18329K, capacity 19516K, committed 19712K, reserved 1067008K
  class space    used 2504K, capacity 2721K, committed 2816K, reserved 1048576K
Event: 18.418 GC heap after
Heap after GC invocations=3 (full 0):
 PSYoungGen      total 76288K, used 8979K [0x000000076ab00000, 0x0000000774000000, 0x00000007c0000000)
  eden space 65536K, 0% used [0x000000076ab00000,0x000000076ab00000,0x000000076eb00000)
  from space 10752K, 83% used [0x000000076eb00000,0x000000076f3c4d90,0x000000076f580000)
  to   space 10752K, 0% used [0x0000000773580000,0x0000000773580000,0x0000000774000000)
 ParOldGen       total 175104K, used 23904K [0x00000006c0000000, 0x00000006cab00000, 0x000000076ab00000)
  object space 175104K, 13% used [0x00000006c0000000,0x00000006c17583a8,0x00000006cab00000)
 Metaspace       used 18329K, capacity 19516K, committed 19712K, reserved 1067008K
  class space    used 2504K, capacity 2721K, committed 2816K, reserved 1048576K
}
Event: 40.115 GC heap before
{Heap before GC invocations=4 (full 0):
 PSYoungGen      total 76288K, used 72615K [0x000000076ab00000, 0x0000000774000000, 0x00000007c0000000)
  eden space 65536K, 97% used [0x000000076ab00000,0x000000076e925258,0x000000076eb00000)
  from space 10752K, 83% used [0x000000076eb00000,0x000000076f3c4d90,0x000000076f580000)
  to   space 10752K, 0% used [0x0000000773580000,0x0000000773580000,0x0000000774000000)
 ParOldGen       total 175104K, used 23904K [0x00000006c0000000, 0x00000006cab00000, 0x000000076ab00000)
  object space 175104K, 13% used [0x00000006c0000000,0x00000006c17583a8,0x00000006cab00000)
 Metaspace       used 19240K, capacity 20448K, committed 20736K, reserved 1067008K
  class space    used 2529K, capacity 2765K, committed 2816K, reserved 1048576K
Event: 40.128 GC heap after
Heap after GC invocations=4 (full 0):
 PSYoungGen      total 141824K, used 8984K [0x000000076ab00000, 0x0000000774000000, 0x00000007c0000000)
  eden space 131072K, 0% used [0x000000076ab00000,0x000000076ab00000,0x0000000772b00000)
  from space 10752K, 83% used [0x0000000773580000,0x0000000773e460d8,0x0000000774000000)
  to   space 10752K, 0% used [0x0000000772b00000,0x0000000772b00000,0x0000000773580000)
 ParOldGen       total 175104K, used 23920K [0x00000006c0000000, 0x00000006cab00000, 0x000000076ab00000)
  object space 175104K, 13% used [0x00000006c0000000,0x00000006c175c3a8,0x00000006cab00000)
 Metaspace       used 19240K, capacity 20448K, committed 20736K, reserved 1067008K
  class space    used 2529K, capacity 2765K, committed 2816K, reserved 1048576K
}

