# JRE version: Java(TM) SE Runtime Environment (8.0_60-b27) (build 1.8.0_60-b27)
# Java VM: Java HotSpot(TM) 64-Bit Server VM (25.60-b23 mixed mode bsd-amd64 compressed oops)
Heap:
 PSYoungGen      total 141824K, used 103929K [0x000000076ab00000, 0x0000000774000000, 0x00000007c0000000)
  eden space 131072K, 72% used [0x000000076ab00000,0x0000000770808fe8,0x0000000772b00000)
  from space 10752K, 80% used [0x0000000773580000,0x0000000773df5458,0x0000000774000000)
  to   space 10752K, 0% used [0x0000000772b00000,0x0000000772b00000,0x0000000773580000)
 ParOldGen       total 175104K, used 23189K [0x00000006c0000000, 0x00000006cab00000, 0x000000076ab00000)
  object space 175104K, 13% used [0x00000006c0000000,0x00000006c16a5450,0x00000006cab00000)
 Metaspace       used 19456K, capacity 20630K, committed 20736K, reserved 1067008K
  class space    used 2521K, capacity 2730K, committed 2816K, reserved 1048576K
GC Heap History (8 events):
Event: 1.434 GC heap before
{Heap before GC invocations=1 (full 0):
 PSYoungGen      total 76288K, used 65536K [0x000000076ab00000, 0x0000000770000000, 0x00000007c0000000)
  eden space 65536K, 100% used [0x000000076ab00000,0x000000076eb00000,0x000000076eb00000)
  from space 10752K, 0% used [0x000000076f580000,0x000000076f580000,0x0000000770000000)
  to   space 10752K, 0% used [0x000000076eb00000,0x000000076eb00000,0x000000076f580000)
 ParOldGen       total 175104K, used 0K [0x00000006c0000000, 0x00000006cab00000, 0x000000076ab00000)
  object space 175104K, 0% used [0x00000006c0000000,0x00000006c0000000,0x00000006cab00000)
 Metaspace       used 16543K, capacity 17600K, committed 17664K, reserved 1064960K
  class space    used 2292K, capacity 2508K, committed 2560K, reserved 1048576K
Event: 1.442 GC heap after
Heap after GC invocations=1 (full 0):
 PSYoungGen      total 76288K, used 10485K [0x000000076ab00000, 0x0000000770000000, 0x00000007c0000000)
  eden space 65536K, 0% used [0x000000076ab00000,0x000000076ab00000,0x000000076eb00000)
  from space 10752K, 97% used [0x000000076eb00000,0x000000076f53d560,0x000000076f580000)
  to   space 10752K, 0% used [0x000000076f580000,0x000000076f580000,0x0000000770000000)
 ParOldGen       total 175104K, used 16K [0x00000006c0000000, 0x00000006cab00000, 0x000000076ab00000)
  object space 175104K, 0% used [0x00000006c0000000,0x00000006c0004000,0x00000006cab00000)
 Metaspace       used 16543K, capacity 17600K, committed 17664K, reserved 1064960K
  class space    used 2292K, capacity 2508K, committed 2560K, reserved 1048576K
}
Event: 1.710 GC heap before
{Heap before GC invocations=2 (full 0):
 PSYoungGen      total 76288K, used 75627K [0x000000076ab00000, 0x0000000770000000, 0x00000007c0000000)
  eden space 65536K, 99% used [0x000000076ab00000,0x000000076ea9d978,0x000000076eb00000)
  from space 10752K, 97% used [0x000000076eb00000,0x000000076f53d560,0x000000076f580000)
  to   space 10752K, 0% used [0x000000076f580000,0x000000076f580000,0x0000000770000000)
 ParOldGen       total 175104K, used 16K [0x00000006c0000000, 0x00000006cab00000, 0x000000076ab00000)
  object space 175104K, 0% used [0x00000006c0000000,0x00000006c0004000,0x00000006cab00000)
 Metaspace       used 17505K, capacity 18618K, committed 18816K, reserved 1064960K
  class space    used 2415K, capacity 2625K, committed 2688K, reserved 1048576K
Event: 1.726 GC heap after
Heap after GC invocations=2 (full 0):
 PSYoungGen      total 76288K, used 10739K [0x000000076ab00000, 0x0000000774000000, 0x00000007c0000000)
  eden space 65536K, 0% used [0x000000076ab00000,0x000000076ab00000,0x000000076eb00000)
  from space 10752K, 99% used [0x000000076f580000,0x000000076fffcf00,0x0000000770000000)
  to   space 10752K, 0% used [0x000000076eb00000,0x000000076eb00000,0x000000076f580000)
 ParOldGen       total 175104K, used 23165K [0x00000006c0000000, 0x00000006cab00000, 0x000000076ab00000)
  object space 175104K, 13% used [0x00000006c0000000,0x00000006c169f450,0x00000006cab00000)
 Metaspace       used 17505K, capacity 18618K, committed 18816K, reserved 1064960K
  class space    used 2415K, capacity 2625K, committed 2688K, reserved 1048576K
}
Event: 41.011 GC heap before
{Heap before GC invocations=3 (full 0):
 PSYoungGen      total 76288K, used 76275K [0x000000076ab00000, 0x0000000774000000, 0x00000007c0000000)
  eden space 65536K, 100% used [0x000000076ab00000,0x000000076eb00000,0x000000076eb00000)
  from space 10752K, 99% used [0x000000076f580000,0x000000076fffcf00,0x0000000770000000)
  to   space 10752K, 0% used [0x000000076eb00000,0x000000076eb00000,0x000000076f580000)
 ParOldGen       total 175104K, used 23165K [0x00000006c0000000, 0x00000006cab00000, 0x000000076ab00000)
  object space 175104K, 13% used [0x00000006c0000000,0x00000006c169f450,0x00000006cab00000)
 Metaspace       used 19246K, capacity 20458K, committed 20736K, reserved 1067008K
  class space    used 2517K, capacity 2726K, committed 2816K, reserved 1048576K
Event: 41.020 GC heap after
Heap after GC invocations=3 (full 0):
 PSYoungGen      total 76288K, used 9522K [0x000000076ab00000, 0x0000000774000000, 0x00000007c0000000)
  eden space 65536K, 0% used [0x000000076ab00000,0x000000076ab00000,0x000000076eb00000)
  from space 10752K, 88% used [0x000000076eb00000,0x000000076f44cbb0,0x000000076f580000)
  to   space 10752K, 0% used [0x0000000773580000,0x0000000773580000,0x0000000774000000)
 ParOldGen       total 175104K, used 23181K [0x00000006c0000000, 0x00000006cab00000, 0x000000076ab00000)
  object space 175104K, 13% used [0x00000006c0000000,0x00000006c16a3450,0x00000006cab00000)
 Metaspace       used 19246K, capacity 20458K, committed 20736K, reserved 1067008K
  class space    used 2517K, capacity 2726K, committed 2816K, reserved 1048576K
}
Event: 98.439 GC heap before
{Heap before GC invocations=4 (full 0):
 PSYoungGen      total 76288K, used 75058K [0x000000076ab00000, 0x0000000774000000, 0x00000007c0000000)
  eden space 65536K, 100% used [0x000000076ab00000,0x000000076eb00000,0x000000076eb00000)
  from space 10752K, 88% used [0x000000076eb00000,0x000000076f44cbb0,0x000000076f580000)
  to   space 10752K, 0% used [0x0000000773580000,0x0000000773580000,0x0000000774000000)
 ParOldGen       total 175104K, used 23181K [0x00000006c0000000, 0x00000006cab00000, 0x000000076ab00000)
  object space 175104K, 13% used [0x00000006c0000000,0x00000006c16a3450,0x00000006cab00000)
 Metaspace       used 19372K, capacity 20536K, committed 20736K, reserved 1067008K
  class space    used 2518K, capacity 2727K, committed 2816K, reserved 1048576K
Event: 98.448 GC heap after
Heap after GC invocations=4 (full 0):
 PSYoungGen      total 141824K, used 8661K [0x000000076ab00000, 0x0000000774000000, 0x00000007c0000000)
  eden space 131072K, 0% used [0x000000076ab00000,0x000000076ab00000,0x0000000772b00000)
  from space 10752K, 80% used [0x0000000773580000,0x0000000773df5458,0x0000000774000000)
  to   space 10752K, 0% used [0x0000000772b00000,0x0000000772b00000,0x0000000773580000)
 ParOldGen       total 175104K, used 23189K [0x00000006c0000000, 0x00000006cab00000, 0x000000076ab00000)
  object space 175104K, 13% used [0x00000006c0000000,0x00000006c16a5450,0x00000006cab00000)
 Metaspace       used 19372K, capacity 20536K, committed 20736K, reserved 1067008K
  class space    used 2518K, capacity 2727K, committed 2816K, reserved 1048576K
}

