# JRE version: Java(TM) SE Runtime Environment (8.0_60-b27) (build 1.8.0_60-b27)
# Java VM: Java HotSpot(TM) 64-Bit Server VM (25.60-b23 mixed mode bsd-amd64 compressed oops)
Heap:
 PSYoungGen      total 71168K, used 19609K [0x000000076ab00000, 0x0000000771100000, 0x00000007c0000000)
  eden space 51712K, 14% used [0x000000076ab00000,0x000000076b291470,0x000000076dd80000)
  from space 19456K, 60% used [0x000000076f180000,0x000000076fd15280,0x0000000770480000)
  to   space 20480K, 0% used [0x000000076dd80000,0x000000076dd80000,0x000000076f180000)
 ParOldGen       total 175104K, used 149167K [0x00000006c0000000, 0x00000006cab00000, 0x000000076ab00000)
  object space 175104K, 85% used [0x00000006c0000000,0x00000006c91abc98,0x00000006cab00000)
 Metaspace       used 19611K, capacity 20870K, committed 20992K, reserved 1067008K
  class space    used 2544K, capacity 2764K, committed 2816K, reserved 1048576K
GC Heap History (10 events):
Event: 481.782 GC heap before
{Heap before GC invocations=66 (full 0):
 PSYoungGen      total 67584K, used 60778K [0x000000076ab00000, 0x0000000770100000, 0x00000007c0000000)
  eden space 58368K, 89% used [0x000000076ab00000,0x000000076ddbd9e0,0x000000076e400000)
  from space 9216K, 95% used [0x000000076e580000,0x000000076ee1d0e0,0x000000076ee80000)
  to   space 14848K, 0% used [0x000000076f280000,0x000000076f280000,0x0000000770100000)
 ParOldGen       total 175104K, used 106447K [0x00000006c0000000, 0x00000006cab00000, 0x000000076ab00000)
  object space 175104K, 60% used [0x00000006c0000000,0x00000006c67f3db0,0x00000006cab00000)
 Metaspace       used 19548K, capacity 20742K, committed 20992K, reserved 1067008K
  class space    used 2542K, capacity 2764K, committed 2816K, reserved 1048576K
Event: 481.789 GC heap after
Heap after GC invocations=66 (full 0):
 PSYoungGen      total 71168K, used 11414K [0x000000076ab00000, 0x0000000770400000, 0x00000007c0000000)
  eden space 56320K, 0% used [0x000000076ab00000,0x000000076ab00000,0x000000076e200000)
  from space 14848K, 76% used [0x000000076f280000,0x000000076fda5978,0x0000000770100000)
  to   space 16896K, 0% used [0x000000076e200000,0x000000076e200000,0x000000076f280000)
 ParOldGen       total 175104K, used 106471K [0x00000006c0000000, 0x00000006cab00000, 0x000000076ab00000)
  object space 175104K, 60% used [0x00000006c0000000,0x00000006c67f9db0,0x00000006cab00000)
 Metaspace       used 19548K, capacity 20742K, committed 20992K, reserved 1067008K
  class space    used 2542K, capacity 2764K, committed 2816K, reserved 1048576K
}
Event: 486.253 GC heap before
{Heap before GC invocations=67 (full 0):
 PSYoungGen      total 71168K, used 60542K [0x000000076ab00000, 0x0000000770400000, 0x00000007c0000000)
  eden space 56320K, 87% used [0x000000076ab00000,0x000000076daf9f58,0x000000076e200000)
  from space 14848K, 76% used [0x000000076f280000,0x000000076fda5978,0x0000000770100000)
  to   space 16896K, 0% used [0x000000076e200000,0x000000076e200000,0x000000076f280000)
 ParOldGen       total 175104K, used 106471K [0x00000006c0000000, 0x00000006cab00000, 0x000000076ab00000)
  object space 175104K, 60% used [0x00000006c0000000,0x00000006c67f9db0,0x00000006cab00000)
 Metaspace       used 19548K, capacity 20742K, committed 20992K, reserved 1067008K
  class space    used 2542K, capacity 2764K, committed 2816K, reserved 1048576K
Event: 486.255 GC heap after
Heap after GC invocations=67 (full 0):
 PSYoungGen      total 55808K, used 466K [0x000000076ab00000, 0x0000000770100000, 0x00000007c0000000)
  eden space 55296K, 0% used [0x000000076ab00000,0x000000076ab00000,0x000000076e100000)
  from space 512K, 91% used [0x000000076e200000,0x000000076e274bb0,0x000000076e280000)
  to   space 16384K, 0% used [0x000000076f100000,0x000000076f100000,0x0000000770100000)
 ParOldGen       total 175104K, used 106519K [0x00000006c0000000, 0x00000006cab00000, 0x000000076ab00000)
  object space 175104K, 60% used [0x00000006c0000000,0x00000006c6805db0,0x00000006cab00000)
 Metaspace       used 19548K, capacity 20742K, committed 20992K, reserved 1067008K
  class space    used 2542K, capacity 2764K, committed 2816K, reserved 1048576K
}
Event: 489.267 GC heap before
{Heap before GC invocations=68 (full 0):
 PSYoungGen      total 55808K, used 51223K [0x000000076ab00000, 0x0000000770100000, 0x00000007c0000000)
  eden space 55296K, 91% used [0x000000076ab00000,0x000000076dc912a8,0x000000076e100000)
  from space 512K, 91% used [0x000000076e200000,0x000000076e274bb0,0x000000076e280000)
  to   space 16384K, 0% used [0x000000076f100000,0x000000076f100000,0x0000000770100000)
 ParOldGen       total 175104K, used 106519K [0x00000006c0000000, 0x00000006cab00000, 0x000000076ab00000)
  object space 175104K, 60% used [0x00000006c0000000,0x00000006c6805db0,0x00000006cab00000)
 Metaspace       used 19548K, capacity 20742K, committed 20992K, reserved 1067008K
  class space    used 2542K, capacity 2764K, committed 2816K, reserved 1048576K
Event: 489.270 GC heap after
Heap after GC invocations=68 (full 0):
 PSYoungGen      total 70144K, used 11446K [0x000000076ab00000, 0x0000000770300000, 0x00000007c0000000)
  eden space 53760K, 0% used [0x000000076ab00000,0x000000076ab00000,0x000000076df80000)
  from space 16384K, 69% used [0x000000076f100000,0x000000076fc2d978,0x0000000770100000)
  to   space 17920K, 0% used [0x000000076df80000,0x000000076df80000,0x000000076f100000)
 ParOldGen       total 175104K, used 106643K [0x00000006c0000000, 0x00000006cab00000, 0x000000076ab00000)
  object space 175104K, 60% used [0x00000006c0000000,0x00000006c6824e30,0x00000006cab00000)
 Metaspace       used 19548K, capacity 20742K, committed 20992K, reserved 1067008K
  class space    used 2542K, capacity 2764K, committed 2816K, reserved 1048576K
}
Event: 491.045 GC heap before
{Heap before GC invocations=69 (full 0):
 PSYoungGen      total 70144K, used 58280K [0x000000076ab00000, 0x0000000770300000, 0x00000007c0000000)
  eden space 53760K, 87% used [0x000000076ab00000,0x000000076d8bc768,0x000000076df80000)
  from space 16384K, 69% used [0x000000076f100000,0x000000076fc2d978,0x0000000770100000)
  to   space 17920K, 0% used [0x000000076df80000,0x000000076df80000,0x000000076f100000)
 ParOldGen       total 175104K, used 106643K [0x00000006c0000000, 0x00000006cab00000, 0x000000076ab00000)
  object space 175104K, 60% used [0x00000006c0000000,0x00000006c6824e30,0x00000006cab00000)
 Metaspace       used 19567K, capacity 20806K, committed 20992K, reserved 1067008K
  class space    used 2542K, capacity 2764K, committed 2816K, reserved 1048576K
Event: 491.054 GC heap after
Heap after GC invocations=69 (full 0):
 PSYoungGen      total 70656K, used 12426K [0x000000076ab00000, 0x0000000770480000, 0x00000007c0000000)
  eden space 52736K, 0% used [0x000000076ab00000,0x000000076ab00000,0x000000076de80000)
  from space 17920K, 69% used [0x000000076df80000,0x000000076eba2b70,0x000000076f100000)
  to   space 19456K, 0% used [0x000000076f180000,0x000000076f180000,0x0000000770480000)
 ParOldGen       total 175104K, used 125975K [0x00000006c0000000, 0x00000006cab00000, 0x000000076ab00000)
  object space 175104K, 71% used [0x00000006c0000000,0x00000006c7b05f88,0x00000006cab00000)
 Metaspace       used 19567K, capacity 20806K, committed 20992K, reserved 1067008K
  class space    used 2542K, capacity 2764K, committed 2816K, reserved 1048576K
}
Event: 491.175 GC heap before
{Heap before GC invocations=70 (full 0):
 PSYoungGen      total 70656K, used 64947K [0x000000076ab00000, 0x0000000770480000, 0x00000007c0000000)
  eden space 52736K, 99% used [0x000000076ab00000,0x000000076de4a398,0x000000076de80000)
  from space 17920K, 69% used [0x000000076df80000,0x000000076eba2b70,0x000000076f100000)
  to   space 19456K, 0% used [0x000000076f180000,0x000000076f180000,0x0000000770480000)
 ParOldGen       total 175104K, used 125975K [0x00000006c0000000, 0x00000006cab00000, 0x000000076ab00000)
  object space 175104K, 71% used [0x00000006c0000000,0x00000006c7b05f88,0x00000006cab00000)
 Metaspace       used 19576K, capacity 20870K, committed 20992K, reserved 1067008K
  class space    used 2542K, capacity 2764K, committed 2816K, reserved 1048576K
Event: 491.184 GC heap after
Heap after GC invocations=70 (full 0):
 PSYoungGen      total 71168K, used 11860K [0x000000076ab00000, 0x0000000771100000, 0x00000007c0000000)
  eden space 51712K, 0% used [0x000000076ab00000,0x000000076ab00000,0x000000076dd80000)
  from space 19456K, 60% used [0x000000076f180000,0x000000076fd15280,0x0000000770480000)
  to   space 20480K, 0% used [0x000000076dd80000,0x000000076dd80000,0x000000076f180000)
 ParOldGen       total 175104K, used 149167K [0x00000006c0000000, 0x00000006cab00000, 0x000000076ab00000)
  object space 175104K, 85% used [0x00000006c0000000,0x00000006c91abc98,0x00000006cab00000)
 Metaspace       used 19576K, capacity 20870K, committed 20992K, reserved 1067008K
  class space    used 2542K, capacity 2764K, committed 2816K, reserved 1048576K
}

