# JRE version: Java(TM) SE Runtime Environment (8.0_60-b27) (build 1.8.0_60-b27)
# Java VM: Java HotSpot(TM) 64-Bit Server VM (25.60-b23 mixed mode bsd-amd64 compressed oops)
Heap:
 PSYoungGen      total 141824K, used 107850K [0x000000076ab00000, 0x0000000774000000, 0x00000007c0000000)
  eden space 131072K, 79% used [0x000000076ab00000,0x0000000771140828,0x0000000772b00000)
  from space 10752K, 29% used [0x0000000773580000,0x00000007738920b8,0x0000000774000000)
  to   space 10752K, 0% used [0x0000000772b00000,0x0000000772b00000,0x0000000773580000)
 ParOldGen       total 175104K, used 74780K [0x00000006c0000000, 0x00000006cab00000, 0x000000076ab00000)
  object space 175104K, 42% used [0x00000006c0000000,0x00000006c4907208,0x00000006cab00000)
 Metaspace       used 18673K, capacity 19778K, committed 19968K, reserved 1067008K
  class space    used 2492K, capacity 2708K, committed 2816K, reserved 1048576K
GC Heap History (8 events):
Event: 9.171 GC heap before
{Heap before GC invocations=1 (full 0):
 PSYoungGen      total 76288K, used 65536K [0x000000076ab00000, 0x0000000770000000, 0x00000007c0000000)
  eden space 65536K, 100% used [0x000000076ab00000,0x000000076eb00000,0x000000076eb00000)
  from space 10752K, 0% used [0x000000076f580000,0x000000076f580000,0x0000000770000000)
  to   space 10752K, 0% used [0x000000076eb00000,0x000000076eb00000,0x000000076f580000)
 ParOldGen       total 175104K, used 0K [0x00000006c0000000, 0x00000006cab00000, 0x000000076ab00000)
  object space 175104K, 0% used [0x00000006c0000000,0x00000006c0000000,0x00000006cab00000)
 Metaspace       used 16529K, capacity 17616K, committed 17920K, reserved 1064960K
  class space    used 2288K, capacity 2508K, committed 2560K, reserved 1048576K
Event: 9.196 GC heap after
Heap after GC invocations=1 (full 0):
 PSYoungGen      total 76288K, used 8982K [0x000000076ab00000, 0x0000000770000000, 0x00000007c0000000)
  eden space 65536K, 0% used [0x000000076ab00000,0x000000076ab00000,0x000000076eb00000)
  from space 10752K, 83% used [0x000000076eb00000,0x000000076f3c5ae0,0x000000076f580000)
  to   space 10752K, 0% used [0x000000076f580000,0x000000076f580000,0x0000000770000000)
 ParOldGen       total 175104K, used 2324K [0x00000006c0000000, 0x00000006cab00000, 0x000000076ab00000)
  object space 175104K, 1% used [0x00000006c0000000,0x00000006c0245010,0x00000006cab00000)
 Metaspace       used 16529K, capacity 17616K, committed 17920K, reserved 1064960K
  class space    used 2288K, capacity 2508K, committed 2560K, reserved 1048576K
}
Event: 9.947 GC heap before
{Heap before GC invocations=2 (full 0):
 PSYoungGen      total 76288K, used 71680K [0x000000076ab00000, 0x0000000770000000, 0x00000007c0000000)
  eden space 65536K, 95% used [0x000000076ab00000,0x000000076e83a8a8,0x000000076eb00000)
  from space 10752K, 83% used [0x000000076eb00000,0x000000076f3c5ae0,0x000000076f580000)
  to   space 10752K, 0% used [0x000000076f580000,0x000000076f580000,0x0000000770000000)
 ParOldGen       total 175104K, used 10592K [0x00000006c0000000, 0x00000006cab00000, 0x000000076ab00000)
  object space 175104K, 6% used [0x00000006c0000000,0x00000006c0a58320,0x00000006cab00000)
 Metaspace       used 17319K, capacity 18382K, committed 18560K, reserved 1064960K
  class space    used 2405K, capacity 2603K, committed 2688K, reserved 1048576K
Event: 9.986 GC heap after
Heap after GC invocations=2 (full 0):
 PSYoungGen      total 76288K, used 10723K [0x000000076ab00000, 0x0000000774000000, 0x00000007c0000000)
  eden space 65536K, 0% used [0x000000076ab00000,0x000000076ab00000,0x000000076eb00000)
  from space 10752K, 99% used [0x000000076f580000,0x000000076fff8cc8,0x0000000770000000)
  to   space 10752K, 0% used [0x000000076eb00000,0x000000076eb00000,0x000000076f580000)
 ParOldGen       total 175104K, used 33260K [0x00000006c0000000, 0x00000006cab00000, 0x000000076ab00000)
  object space 175104K, 18% used [0x00000006c0000000,0x00000006c207b1b0,0x00000006cab00000)
 Metaspace       used 17319K, capacity 18382K, committed 18560K, reserved 1064960K
  class space    used 2405K, capacity 2603K, committed 2688K, reserved 1048576K
}
Event: 21.563 GC heap before
{Heap before GC invocations=3 (full 0):
 PSYoungGen      total 76288K, used 76259K [0x000000076ab00000, 0x0000000774000000, 0x00000007c0000000)
  eden space 65536K, 100% used [0x000000076ab00000,0x000000076eb00000,0x000000076eb00000)
  from space 10752K, 99% used [0x000000076f580000,0x000000076fff8cc8,0x0000000770000000)
  to   space 10752K, 0% used [0x000000076eb00000,0x000000076eb00000,0x000000076f580000)
 ParOldGen       total 175104K, used 63732K [0x00000006c0000000, 0x00000006cab00000, 0x000000076ab00000)
  object space 175104K, 36% used [0x00000006c0000000,0x00000006c3e3d3c0,0x00000006cab00000)
 Metaspace       used 18442K, capacity 19580K, committed 19712K, reserved 1067008K
  class space    used 2491K, capacity 2707K, committed 2816K, reserved 1048576K
Event: 21.570 GC heap after
Heap after GC invocations=3 (full 0):
 PSYoungGen      total 76288K, used 3305K [0x000000076ab00000, 0x0000000774000000, 0x00000007c0000000)
  eden space 65536K, 0% used [0x000000076ab00000,0x000000076ab00000,0x000000076eb00000)
  from space 10752K, 30% used [0x000000076eb00000,0x000000076ee3a588,0x000000076f580000)
  to   space 10752K, 0% used [0x0000000773580000,0x0000000773580000,0x0000000774000000)
 ParOldGen       total 175104K, used 63740K [0x00000006c0000000, 0x00000006cab00000, 0x000000076ab00000)
  object space 175104K, 36% used [0x00000006c0000000,0x00000006c3e3f3c0,0x00000006cab00000)
 Metaspace       used 18442K, capacity 19580K, committed 19712K, reserved 1067008K
  class space    used 2491K, capacity 2707K, committed 2816K, reserved 1048576K
}
Event: 26.063 GC heap before
{Heap before GC invocations=4 (full 0):
 PSYoungGen      total 76288K, used 64622K [0x000000076ab00000, 0x0000000774000000, 0x00000007c0000000)
  eden space 65536K, 93% used [0x000000076ab00000,0x000000076e6e1410,0x000000076eb00000)
  from space 10752K, 30% used [0x000000076eb00000,0x000000076ee3a588,0x000000076f580000)
  to   space 10752K, 0% used [0x0000000773580000,0x0000000773580000,0x0000000774000000)
 ParOldGen       total 175104K, used 63740K [0x00000006c0000000, 0x00000006cab00000, 0x000000076ab00000)
  object space 175104K, 36% used [0x00000006c0000000,0x00000006c3e3f3c0,0x00000006cab00000)
 Metaspace       used 18459K, capacity 19580K, committed 19712K, reserved 1067008K
  class space    used 2491K, capacity 2707K, committed 2816K, reserved 1048576K
Event: 26.076 GC heap after
Heap after GC invocations=4 (full 0):
 PSYoungGen      total 141824K, used 3144K [0x000000076ab00000, 0x0000000774000000, 0x00000007c0000000)
  eden space 131072K, 0% used [0x000000076ab00000,0x000000076ab00000,0x0000000772b00000)
  from space 10752K, 29% used [0x0000000773580000,0x00000007738920b8,0x0000000774000000)
  to   space 10752K, 0% used [0x0000000772b00000,0x0000000772b00000,0x0000000773580000)
 ParOldGen       total 175104K, used 74780K [0x00000006c0000000, 0x00000006cab00000, 0x000000076ab00000)
  object space 175104K, 42% used [0x00000006c0000000,0x00000006c4907208,0x00000006cab00000)
 Metaspace       used 18459K, capacity 19580K, committed 19712K, reserved 1067008K
  class space    used 2491K, capacity 2707K, committed 2816K, reserved 1048576K
}

